2019-03-19T02:40:46+00:00 CRITICAL Uncaught InvalidArgumentException: Missing the required parameter $product_id when calling getProduct in /home/plus-agc/www/green-hands/wp-content/plugins/colormeshop/src/Swagger/Api/ProductApi.php:546
Stack trace:
#0 /home/plus-agc/www/green-hands/wp-content/plugins/colormeshop/src/Swagger/Api/ProductApi.php(401): ColorMeShop\Swagger\Api\ProductApi->getProductRequest(NULL)
#1 /home/plus-agc/www/green-hands/wp-content/plugins/colormeshop/src/Swagger/Api/ProductApi.php(383): ColorMeShop\Swagger\Api\ProductApi->getProductWithHttpInfo(NULL)
#2 /home/plus-agc/www/green-hands/wp-content/plugins/colormeshop/src/api/class-product-api.php(54): ColorMeShop\Swagger\Api\ProductApi->getProduct(NULL)
#3 /home/plus-agc/www/green-hands/wp-content/plugins/colormeshop/src/shortcodes/product/class-image.php(32): ColorMeShop\Api\Product_Api->fetch(NULL)
#4 [internal function]: ColorMeShop\Shortcodes\Product\Image::show(Object(Pimple\Container), Array, '', 'colormeshop_ima...')
#5 /home/plus-agc/www/green-hands/wp-content/plugin: /home/plus-agc/www/green-hands/wp-content/plugins/colormeshop/src/Swagger/Api/ProductApi.php の行546

2019-03-19T02:42:38+00:00 CRITICAL Uncaught InvalidArgumentException: Missing the required parameter $product_id when calling getProduct in /home/plus-agc/www/green-hands/wp-content/plugins/colormeshop/src/Swagger/Api/ProductApi.php:546
Stack trace:
#0 /home/plus-agc/www/green-hands/wp-content/plugins/colormeshop/src/Swagger/Api/ProductApi.php(401): ColorMeShop\Swagger\Api\ProductApi->getProductRequest(NULL)
#1 /home/plus-agc/www/green-hands/wp-content/plugins/colormeshop/src/Swagger/Api/ProductApi.php(383): ColorMeShop\Swagger\Api\ProductApi->getProductWithHttpInfo(NULL)
#2 /home/plus-agc/www/green-hands/wp-content/plugins/colormeshop/src/api/class-product-api.php(54): ColorMeShop\Swagger\Api\ProductApi->getProduct(NULL)
#3 /home/plus-agc/www/green-hands/wp-content/plugins/colormeshop/src/shortcodes/product/class-image.php(32): ColorMeShop\Api\Product_Api->fetch(NULL)
#4 [internal function]: ColorMeShop\Shortcodes\Product\Image::show(Object(Pimple\Container), Array, '', 'colormeshop_ima...')
#5 /home/plus-agc/www/green-hands/wp-content/plugin: /home/plus-agc/www/green-hands/wp-content/plugins/colormeshop/src/Swagger/Api/ProductApi.php の行546

2019-03-19T02:43:50+00:00 CRITICAL Uncaught InvalidArgumentException: Missing the required parameter $product_id when calling getProduct in /home/plus-agc/www/green-hands/wp-content/plugins/colormeshop/src/Swagger/Api/ProductApi.php:546
Stack trace:
#0 /home/plus-agc/www/green-hands/wp-content/plugins/colormeshop/src/Swagger/Api/ProductApi.php(401): ColorMeShop\Swagger\Api\ProductApi->getProductRequest(NULL)
#1 /home/plus-agc/www/green-hands/wp-content/plugins/colormeshop/src/Swagger/Api/ProductApi.php(383): ColorMeShop\Swagger\Api\ProductApi->getProductWithHttpInfo(NULL)
#2 /home/plus-agc/www/green-hands/wp-content/plugins/colormeshop/src/api/class-product-api.php(54): ColorMeShop\Swagger\Api\ProductApi->getProduct(NULL)
#3 /home/plus-agc/www/green-hands/wp-content/plugins/colormeshop/src/shortcodes/product/class-image.php(32): ColorMeShop\Api\Product_Api->fetch(NULL)
#4 [internal function]: ColorMeShop\Shortcodes\Product\Image::show(Object(Pimple\Container), Array, '', 'colormeshop_ima...')
#5 /home/plus-agc/www/green-hands/wp-content/plugin: /home/plus-agc/www/green-hands/wp-content/plugins/colormeshop/src/Swagger/Api/ProductApi.php の行546

2019-03-19T02:44:34+00:00 CRITICAL Uncaught InvalidArgumentException: Missing the required parameter $product_id when calling getProduct in /home/plus-agc/www/green-hands/wp-content/plugins/colormeshop/src/Swagger/Api/ProductApi.php:546
Stack trace:
#0 /home/plus-agc/www/green-hands/wp-content/plugins/colormeshop/src/Swagger/Api/ProductApi.php(401): ColorMeShop\Swagger\Api\ProductApi->getProductRequest(NULL)
#1 /home/plus-agc/www/green-hands/wp-content/plugins/colormeshop/src/Swagger/Api/ProductApi.php(383): ColorMeShop\Swagger\Api\ProductApi->getProductWithHttpInfo(NULL)
#2 /home/plus-agc/www/green-hands/wp-content/plugins/colormeshop/src/api/class-product-api.php(54): ColorMeShop\Swagger\Api\ProductApi->getProduct(NULL)
#3 /home/plus-agc/www/green-hands/wp-content/plugins/colormeshop/src/shortcodes/product/class-image.php(32): ColorMeShop\Api\Product_Api->fetch(NULL)
#4 [internal function]: ColorMeShop\Shortcodes\Product\Image::show(Object(Pimple\Container), Array, '', 'colormeshop_ima...')
#5 /home/plus-agc/www/green-hands/wp-content/plugin: /home/plus-agc/www/green-hands/wp-content/plugins/colormeshop/src/Swagger/Api/ProductApi.php の行546

2019-03-19T02:48:54+00:00 CRITICAL Uncaught InvalidArgumentException: Missing the required parameter $product_id when calling getProduct in /home/plus-agc/www/green-hands/wp-content/plugins/colormeshop/src/Swagger/Api/ProductApi.php:546
Stack trace:
#0 /home/plus-agc/www/green-hands/wp-content/plugins/colormeshop/src/Swagger/Api/ProductApi.php(401): ColorMeShop\Swagger\Api\ProductApi->getProductRequest(NULL)
#1 /home/plus-agc/www/green-hands/wp-content/plugins/colormeshop/src/Swagger/Api/ProductApi.php(383): ColorMeShop\Swagger\Api\ProductApi->getProductWithHttpInfo(NULL)
#2 /home/plus-agc/www/green-hands/wp-content/plugins/colormeshop/src/api/class-product-api.php(54): ColorMeShop\Swagger\Api\ProductApi->getProduct(NULL)
#3 /home/plus-agc/www/green-hands/wp-content/plugins/colormeshop/src/shortcodes/product/class-image.php(32): ColorMeShop\Api\Product_Api->fetch(NULL)
#4 [internal function]: ColorMeShop\Shortcodes\Product\Image::show(Object(Pimple\Container), Array, '', 'colormeshop_ima...')
#5 /home/plus-agc/www/green-hands/wp-content/plugin: /home/plus-agc/www/green-hands/wp-content/plugins/colormeshop/src/Swagger/Api/ProductApi.php の行546

2019-03-19T04:03:37+00:00 CRITICAL Uncaught InvalidArgumentException: Missing the required parameter $product_id when calling getProduct in /home/plus-agc/www/green-hands/wp-content/plugins/colormeshop/src/Swagger/Api/ProductApi.php:546
Stack trace:
#0 /home/plus-agc/www/green-hands/wp-content/plugins/colormeshop/src/Swagger/Api/ProductApi.php(401): ColorMeShop\Swagger\Api\ProductApi->getProductRequest(NULL)
#1 /home/plus-agc/www/green-hands/wp-content/plugins/colormeshop/src/Swagger/Api/ProductApi.php(383): ColorMeShop\Swagger\Api\ProductApi->getProductWithHttpInfo(NULL)
#2 /home/plus-agc/www/green-hands/wp-content/plugins/colormeshop/src/api/class-product-api.php(54): ColorMeShop\Swagger\Api\ProductApi->getProduct(NULL)
#3 /home/plus-agc/www/green-hands/wp-content/plugins/colormeshop/src/shortcodes/product/class-image.php(32): ColorMeShop\Api\Product_Api->fetch(NULL)
#4 [internal function]: ColorMeShop\Shortcodes\Product\Image::show(Object(Pimple\Container), Array, '', 'colormeshop_ima...')
#5 /home/plus-agc/www/green-hands/wp-content/plugin: /home/plus-agc/www/green-hands/wp-content/plugins/colormeshop/src/Swagger/Api/ProductApi.php の行546

2019-03-19T04:04:05+00:00 CRITICAL Uncaught InvalidArgumentException: Missing the required parameter $product_id when calling getProduct in /home/plus-agc/www/green-hands/wp-content/plugins/colormeshop/src/Swagger/Api/ProductApi.php:546
Stack trace:
#0 /home/plus-agc/www/green-hands/wp-content/plugins/colormeshop/src/Swagger/Api/ProductApi.php(401): ColorMeShop\Swagger\Api\ProductApi->getProductRequest(NULL)
#1 /home/plus-agc/www/green-hands/wp-content/plugins/colormeshop/src/Swagger/Api/ProductApi.php(383): ColorMeShop\Swagger\Api\ProductApi->getProductWithHttpInfo(NULL)
#2 /home/plus-agc/www/green-hands/wp-content/plugins/colormeshop/src/api/class-product-api.php(54): ColorMeShop\Swagger\Api\ProductApi->getProduct(NULL)
#3 /home/plus-agc/www/green-hands/wp-content/plugins/colormeshop/src/shortcodes/product/class-image.php(32): ColorMeShop\Api\Product_Api->fetch(NULL)
#4 [internal function]: ColorMeShop\Shortcodes\Product\Image::show(Object(Pimple\Container), Array, '', 'colormeshop_ima...')
#5 /home/plus-agc/www/green-hands/wp-content/plugin: /home/plus-agc/www/green-hands/wp-content/plugins/colormeshop/src/Swagger/Api/ProductApi.php の行546

2019-03-19T04:24:00+00:00 CRITICAL Uncaught InvalidArgumentException: Missing the required parameter $product_id when calling getProduct in /home/plus-agc/www/green-hands/wp-content/plugins/colormeshop/src/Swagger/Api/ProductApi.php:546
Stack trace:
#0 /home/plus-agc/www/green-hands/wp-content/plugins/colormeshop/src/Swagger/Api/ProductApi.php(401): ColorMeShop\Swagger\Api\ProductApi->getProductRequest(NULL)
#1 /home/plus-agc/www/green-hands/wp-content/plugins/colormeshop/src/Swagger/Api/ProductApi.php(383): ColorMeShop\Swagger\Api\ProductApi->getProductWithHttpInfo(NULL)
#2 /home/plus-agc/www/green-hands/wp-content/plugins/colormeshop/src/api/class-product-api.php(54): ColorMeShop\Swagger\Api\ProductApi->getProduct(NULL)
#3 /home/plus-agc/www/green-hands/wp-content/plugins/colormeshop/src/shortcodes/product/class-image.php(32): ColorMeShop\Api\Product_Api->fetch(NULL)
#4 [internal function]: ColorMeShop\Shortcodes\Product\Image::show(Object(Pimple\Container), Array, '', 'colormeshop_ima...')
#5 /home/plus-agc/www/green-hands/wp-content/plugin: /home/plus-agc/www/green-hands/wp-content/plugins/colormeshop/src/Swagger/Api/ProductApi.php の行546

2019-03-19T04:37:27+00:00 CRITICAL Uncaught InvalidArgumentException: Missing the required parameter $product_id when calling getProduct in /home/plus-agc/www/green-hands/wp-content/plugins/colormeshop/src/Swagger/Api/ProductApi.php:546
Stack trace:
#0 /home/plus-agc/www/green-hands/wp-content/plugins/colormeshop/src/Swagger/Api/ProductApi.php(401): ColorMeShop\Swagger\Api\ProductApi->getProductRequest(NULL)
#1 /home/plus-agc/www/green-hands/wp-content/plugins/colormeshop/src/Swagger/Api/ProductApi.php(383): ColorMeShop\Swagger\Api\ProductApi->getProductWithHttpInfo(NULL)
#2 /home/plus-agc/www/green-hands/wp-content/plugins/colormeshop/src/api/class-product-api.php(54): ColorMeShop\Swagger\Api\ProductApi->getProduct(NULL)
#3 /home/plus-agc/www/green-hands/wp-content/plugins/colormeshop/src/shortcodes/product/class-image.php(32): ColorMeShop\Api\Product_Api->fetch(NULL)
#4 [internal function]: ColorMeShop\Shortcodes\Product\Image::show(Object(Pimple\Container), Array, '', 'colormeshop_ima...')
#5 /home/plus-agc/www/green-hands/wp-content/plugin: /home/plus-agc/www/green-hands/wp-content/plugins/colormeshop/src/Swagger/Api/ProductApi.php の行546

2019-03-19T04:45:21+00:00 CRITICAL Uncaught InvalidArgumentException: Missing the required parameter $product_id when calling getProduct in /home/plus-agc/www/green-hands/wp-content/plugins/colormeshop/src/Swagger/Api/ProductApi.php:546
Stack trace:
#0 /home/plus-agc/www/green-hands/wp-content/plugins/colormeshop/src/Swagger/Api/ProductApi.php(401): ColorMeShop\Swagger\Api\ProductApi->getProductRequest(NULL)
#1 /home/plus-agc/www/green-hands/wp-content/plugins/colormeshop/src/Swagger/Api/ProductApi.php(383): ColorMeShop\Swagger\Api\ProductApi->getProductWithHttpInfo(NULL)
#2 /home/plus-agc/www/green-hands/wp-content/plugins/colormeshop/src/api/class-product-api.php(54): ColorMeShop\Swagger\Api\ProductApi->getProduct(NULL)
#3 /home/plus-agc/www/green-hands/wp-content/plugins/colormeshop/src/shortcodes/product/class-image.php(32): ColorMeShop\Api\Product_Api->fetch(NULL)
#4 [internal function]: ColorMeShop\Shortcodes\Product\Image::show(Object(Pimple\Container), Array, '', 'colormeshop_ima...')
#5 /home/plus-agc/www/green-hands/wp-content/plugin: /home/plus-agc/www/green-hands/wp-content/plugins/colormeshop/src/Swagger/Api/ProductApi.php の行546

2019-03-19T05:19:16+00:00 CRITICAL Uncaught InvalidArgumentException: Missing the required parameter $product_id when calling getProduct in /home/plus-agc/www/green-hands/wp-content/plugins/colormeshop/src/Swagger/Api/ProductApi.php:546
Stack trace:
#0 /home/plus-agc/www/green-hands/wp-content/plugins/colormeshop/src/Swagger/Api/ProductApi.php(401): ColorMeShop\Swagger\Api\ProductApi->getProductRequest(NULL)
#1 /home/plus-agc/www/green-hands/wp-content/plugins/colormeshop/src/Swagger/Api/ProductApi.php(383): ColorMeShop\Swagger\Api\ProductApi->getProductWithHttpInfo(NULL)
#2 /home/plus-agc/www/green-hands/wp-content/plugins/colormeshop/src/api/class-product-api.php(54): ColorMeShop\Swagger\Api\ProductApi->getProduct(NULL)
#3 /home/plus-agc/www/green-hands/wp-content/plugins/colormeshop/src/shortcodes/product/class-image.php(32): ColorMeShop\Api\Product_Api->fetch(NULL)
#4 [internal function]: ColorMeShop\Shortcodes\Product\Image::show(Object(Pimple\Container), Array, '', 'colormeshop_ima...')
#5 /home/plus-agc/www/green-hands/wp-content/plugin: /home/plus-agc/www/green-hands/wp-content/plugins/colormeshop/src/Swagger/Api/ProductApi.php の行546

2019-03-19T05:22:10+00:00 CRITICAL Uncaught InvalidArgumentException: Missing the required parameter $product_id when calling getProduct in /home/plus-agc/www/green-hands/wp-content/plugins/colormeshop/src/Swagger/Api/ProductApi.php:546
Stack trace:
#0 /home/plus-agc/www/green-hands/wp-content/plugins/colormeshop/src/Swagger/Api/ProductApi.php(401): ColorMeShop\Swagger\Api\ProductApi->getProductRequest(NULL)
#1 /home/plus-agc/www/green-hands/wp-content/plugins/colormeshop/src/Swagger/Api/ProductApi.php(383): ColorMeShop\Swagger\Api\ProductApi->getProductWithHttpInfo(NULL)
#2 /home/plus-agc/www/green-hands/wp-content/plugins/colormeshop/src/api/class-product-api.php(54): ColorMeShop\Swagger\Api\ProductApi->getProduct(NULL)
#3 /home/plus-agc/www/green-hands/wp-content/plugins/colormeshop/src/shortcodes/product/class-image.php(32): ColorMeShop\Api\Product_Api->fetch(NULL)
#4 [internal function]: ColorMeShop\Shortcodes\Product\Image::show(Object(Pimple\Container), Array, '', 'colormeshop_ima...')
#5 /home/plus-agc/www/green-hands/wp-content/plugin: /home/plus-agc/www/green-hands/wp-content/plugins/colormeshop/src/Swagger/Api/ProductApi.php の行546

2019-03-19T05:22:46+00:00 CRITICAL Uncaught InvalidArgumentException: Missing the required parameter $product_id when calling getProduct in /home/plus-agc/www/green-hands/wp-content/plugins/colormeshop/src/Swagger/Api/ProductApi.php:546
Stack trace:
#0 /home/plus-agc/www/green-hands/wp-content/plugins/colormeshop/src/Swagger/Api/ProductApi.php(401): ColorMeShop\Swagger\Api\ProductApi->getProductRequest(NULL)
#1 /home/plus-agc/www/green-hands/wp-content/plugins/colormeshop/src/Swagger/Api/ProductApi.php(383): ColorMeShop\Swagger\Api\ProductApi->getProductWithHttpInfo(NULL)
#2 /home/plus-agc/www/green-hands/wp-content/plugins/colormeshop/src/api/class-product-api.php(54): ColorMeShop\Swagger\Api\ProductApi->getProduct(NULL)
#3 /home/plus-agc/www/green-hands/wp-content/plugins/colormeshop/src/shortcodes/product/class-image.php(32): ColorMeShop\Api\Product_Api->fetch(NULL)
#4 [internal function]: ColorMeShop\Shortcodes\Product\Image::show(Object(Pimple\Container), Array, '', 'colormeshop_ima...')
#5 /home/plus-agc/www/green-hands/wp-content/plugin: /home/plus-agc/www/green-hands/wp-content/plugins/colormeshop/src/Swagger/Api/ProductApi.php の行546

2019-03-19T05:40:49+00:00 CRITICAL Uncaught InvalidArgumentException: Missing the required parameter $product_id when calling getProduct in /home/plus-agc/www/green-hands/wp-content/plugins/colormeshop/src/Swagger/Api/ProductApi.php:546
Stack trace:
#0 /home/plus-agc/www/green-hands/wp-content/plugins/colormeshop/src/Swagger/Api/ProductApi.php(401): ColorMeShop\Swagger\Api\ProductApi->getProductRequest(NULL)
#1 /home/plus-agc/www/green-hands/wp-content/plugins/colormeshop/src/Swagger/Api/ProductApi.php(383): ColorMeShop\Swagger\Api\ProductApi->getProductWithHttpInfo(NULL)
#2 /home/plus-agc/www/green-hands/wp-content/plugins/colormeshop/src/api/class-product-api.php(54): ColorMeShop\Swagger\Api\ProductApi->getProduct(NULL)
#3 /home/plus-agc/www/green-hands/wp-content/plugins/colormeshop/src/shortcodes/product/class-image.php(32): ColorMeShop\Api\Product_Api->fetch(NULL)
#4 [internal function]: ColorMeShop\Shortcodes\Product\Image::show(Object(Pimple\Container), Array, '', 'colormeshop_ima...')
#5 /home/plus-agc/www/green-hands/wp-content/plugin: /home/plus-agc/www/green-hands/wp-content/plugins/colormeshop/src/Swagger/Api/ProductApi.php の行546

2019-03-19T05:41:44+00:00 CRITICAL Uncaught InvalidArgumentException: Missing the required parameter $product_id when calling getProduct in /home/plus-agc/www/green-hands/wp-content/plugins/colormeshop/src/Swagger/Api/ProductApi.php:546
Stack trace:
#0 /home/plus-agc/www/green-hands/wp-content/plugins/colormeshop/src/Swagger/Api/ProductApi.php(401): ColorMeShop\Swagger\Api\ProductApi->getProductRequest(NULL)
#1 /home/plus-agc/www/green-hands/wp-content/plugins/colormeshop/src/Swagger/Api/ProductApi.php(383): ColorMeShop\Swagger\Api\ProductApi->getProductWithHttpInfo(NULL)
#2 /home/plus-agc/www/green-hands/wp-content/plugins/colormeshop/src/api/class-product-api.php(54): ColorMeShop\Swagger\Api\ProductApi->getProduct(NULL)
#3 /home/plus-agc/www/green-hands/wp-content/plugins/colormeshop/src/shortcodes/product/class-image.php(32): ColorMeShop\Api\Product_Api->fetch(NULL)
#4 [internal function]: ColorMeShop\Shortcodes\Product\Image::show(Object(Pimple\Container), Array, '', 'colormeshop_ima...')
#5 /home/plus-agc/www/green-hands/wp-content/plugin: /home/plus-agc/www/green-hands/wp-content/plugins/colormeshop/src/Swagger/Api/ProductApi.php の行546

2019-03-19T05:51:39+00:00 CRITICAL Uncaught InvalidArgumentException: Missing the required parameter $product_id when calling getProduct in /home/plus-agc/www/green-hands/wp-content/plugins/colormeshop/src/Swagger/Api/ProductApi.php:546
Stack trace:
#0 /home/plus-agc/www/green-hands/wp-content/plugins/colormeshop/src/Swagger/Api/ProductApi.php(401): ColorMeShop\Swagger\Api\ProductApi->getProductRequest(NULL)
#1 /home/plus-agc/www/green-hands/wp-content/plugins/colormeshop/src/Swagger/Api/ProductApi.php(383): ColorMeShop\Swagger\Api\ProductApi->getProductWithHttpInfo(NULL)
#2 /home/plus-agc/www/green-hands/wp-content/plugins/colormeshop/src/api/class-product-api.php(54): ColorMeShop\Swagger\Api\ProductApi->getProduct(NULL)
#3 /home/plus-agc/www/green-hands/wp-content/plugins/colormeshop/src/shortcodes/product/class-image.php(32): ColorMeShop\Api\Product_Api->fetch(NULL)
#4 [internal function]: ColorMeShop\Shortcodes\Product\Image::show(Object(Pimple\Container), Array, '', 'colormeshop_ima...')
#5 /home/plus-agc/www/green-hands/wp-content/plugin: /home/plus-agc/www/green-hands/wp-content/plugins/colormeshop/src/Swagger/Api/ProductApi.php の行546

2019-03-19T05:57:55+00:00 CRITICAL Uncaught InvalidArgumentException: Missing the required parameter $product_id when calling getProduct in /home/plus-agc/www/green-hands/wp-content/plugins/colormeshop/src/Swagger/Api/ProductApi.php:546
Stack trace:
#0 /home/plus-agc/www/green-hands/wp-content/plugins/colormeshop/src/Swagger/Api/ProductApi.php(401): ColorMeShop\Swagger\Api\ProductApi->getProductRequest(NULL)
#1 /home/plus-agc/www/green-hands/wp-content/plugins/colormeshop/src/Swagger/Api/ProductApi.php(383): ColorMeShop\Swagger\Api\ProductApi->getProductWithHttpInfo(NULL)
#2 /home/plus-agc/www/green-hands/wp-content/plugins/colormeshop/src/api/class-product-api.php(54): ColorMeShop\Swagger\Api\ProductApi->getProduct(NULL)
#3 /home/plus-agc/www/green-hands/wp-content/plugins/colormeshop/src/shortcodes/product/class-image.php(32): ColorMeShop\Api\Product_Api->fetch(NULL)
#4 [internal function]: ColorMeShop\Shortcodes\Product\Image::show(Object(Pimple\Container), Array, '', 'colormeshop_ima...')
#5 /home/plus-agc/www/green-hands/wp-content/plugin: /home/plus-agc/www/green-hands/wp-content/plugins/colormeshop/src/Swagger/Api/ProductApi.php の行546

2019-03-19T06:05:37+00:00 CRITICAL Uncaught InvalidArgumentException: Missing the required parameter $product_id when calling getProduct in /home/plus-agc/www/green-hands/wp-content/plugins/colormeshop/src/Swagger/Api/ProductApi.php:546
Stack trace:
#0 /home/plus-agc/www/green-hands/wp-content/plugins/colormeshop/src/Swagger/Api/ProductApi.php(401): ColorMeShop\Swagger\Api\ProductApi->getProductRequest(NULL)
#1 /home/plus-agc/www/green-hands/wp-content/plugins/colormeshop/src/Swagger/Api/ProductApi.php(383): ColorMeShop\Swagger\Api\ProductApi->getProductWithHttpInfo(NULL)
#2 /home/plus-agc/www/green-hands/wp-content/plugins/colormeshop/src/api/class-product-api.php(54): ColorMeShop\Swagger\Api\ProductApi->getProduct(NULL)
#3 /home/plus-agc/www/green-hands/wp-content/plugins/colormeshop/src/shortcodes/product/class-image.php(32): ColorMeShop\Api\Product_Api->fetch(NULL)
#4 [internal function]: ColorMeShop\Shortcodes\Product\Image::show(Object(Pimple\Container), Array, '', 'colormeshop_ima...')
#5 /home/plus-agc/www/green-hands/wp-content/plugin: /home/plus-agc/www/green-hands/wp-content/plugins/colormeshop/src/Swagger/Api/ProductApi.php の行546

2019-03-19T06:07:34+00:00 CRITICAL Uncaught InvalidArgumentException: Missing the required parameter $product_id when calling getProduct in /home/plus-agc/www/green-hands/wp-content/plugins/colormeshop/src/Swagger/Api/ProductApi.php:546
Stack trace:
#0 /home/plus-agc/www/green-hands/wp-content/plugins/colormeshop/src/Swagger/Api/ProductApi.php(401): ColorMeShop\Swagger\Api\ProductApi->getProductRequest(NULL)
#1 /home/plus-agc/www/green-hands/wp-content/plugins/colormeshop/src/Swagger/Api/ProductApi.php(383): ColorMeShop\Swagger\Api\ProductApi->getProductWithHttpInfo(NULL)
#2 /home/plus-agc/www/green-hands/wp-content/plugins/colormeshop/src/api/class-product-api.php(54): ColorMeShop\Swagger\Api\ProductApi->getProduct(NULL)
#3 /home/plus-agc/www/green-hands/wp-content/plugins/colormeshop/src/shortcodes/product/class-image.php(32): ColorMeShop\Api\Product_Api->fetch(NULL)
#4 [internal function]: ColorMeShop\Shortcodes\Product\Image::show(Object(Pimple\Container), Array, '', 'colormeshop_ima...')
#5 /home/plus-agc/www/green-hands/wp-content/plugin: /home/plus-agc/www/green-hands/wp-content/plugins/colormeshop/src/Swagger/Api/ProductApi.php の行546

2019-03-19T06:09:16+00:00 CRITICAL Uncaught InvalidArgumentException: Missing the required parameter $product_id when calling getProduct in /home/plus-agc/www/green-hands/wp-content/plugins/colormeshop/src/Swagger/Api/ProductApi.php:546
Stack trace:
#0 /home/plus-agc/www/green-hands/wp-content/plugins/colormeshop/src/Swagger/Api/ProductApi.php(401): ColorMeShop\Swagger\Api\ProductApi->getProductRequest(NULL)
#1 /home/plus-agc/www/green-hands/wp-content/plugins/colormeshop/src/Swagger/Api/ProductApi.php(383): ColorMeShop\Swagger\Api\ProductApi->getProductWithHttpInfo(NULL)
#2 /home/plus-agc/www/green-hands/wp-content/plugins/colormeshop/src/api/class-product-api.php(54): ColorMeShop\Swagger\Api\ProductApi->getProduct(NULL)
#3 /home/plus-agc/www/green-hands/wp-content/plugins/colormeshop/src/shortcodes/product/class-image.php(32): ColorMeShop\Api\Product_Api->fetch(NULL)
#4 [internal function]: ColorMeShop\Shortcodes\Product\Image::show(Object(Pimple\Container), Array, '', 'colormeshop_ima...')
#5 /home/plus-agc/www/green-hands/wp-content/plugin: /home/plus-agc/www/green-hands/wp-content/plugins/colormeshop/src/Swagger/Api/ProductApi.php の行546

2019-03-19T06:16:50+00:00 CRITICAL Uncaught InvalidArgumentException: Missing the required parameter $product_id when calling getProduct in /home/plus-agc/www/green-hands/wp-content/plugins/colormeshop/src/Swagger/Api/ProductApi.php:546
Stack trace:
#0 /home/plus-agc/www/green-hands/wp-content/plugins/colormeshop/src/Swagger/Api/ProductApi.php(401): ColorMeShop\Swagger\Api\ProductApi->getProductRequest(NULL)
#1 /home/plus-agc/www/green-hands/wp-content/plugins/colormeshop/src/Swagger/Api/ProductApi.php(383): ColorMeShop\Swagger\Api\ProductApi->getProductWithHttpInfo(NULL)
#2 /home/plus-agc/www/green-hands/wp-content/plugins/colormeshop/src/api/class-product-api.php(54): ColorMeShop\Swagger\Api\ProductApi->getProduct(NULL)
#3 /home/plus-agc/www/green-hands/wp-content/plugins/colormeshop/src/shortcodes/product/class-image.php(32): ColorMeShop\Api\Product_Api->fetch(NULL)
#4 [internal function]: ColorMeShop\Shortcodes\Product\Image::show(Object(Pimple\Container), Array, '', 'colormeshop_ima...')
#5 /home/plus-agc/www/green-hands/wp-content/plugin: /home/plus-agc/www/green-hands/wp-content/plugins/colormeshop/src/Swagger/Api/ProductApi.php の行546

2019-03-19T06:17:20+00:00 CRITICAL Uncaught InvalidArgumentException: Missing the required parameter $product_id when calling getProduct in /home/plus-agc/www/green-hands/wp-content/plugins/colormeshop/src/Swagger/Api/ProductApi.php:546
Stack trace:
#0 /home/plus-agc/www/green-hands/wp-content/plugins/colormeshop/src/Swagger/Api/ProductApi.php(401): ColorMeShop\Swagger\Api\ProductApi->getProductRequest(NULL)
#1 /home/plus-agc/www/green-hands/wp-content/plugins/colormeshop/src/Swagger/Api/ProductApi.php(383): ColorMeShop\Swagger\Api\ProductApi->getProductWithHttpInfo(NULL)
#2 /home/plus-agc/www/green-hands/wp-content/plugins/colormeshop/src/api/class-product-api.php(54): ColorMeShop\Swagger\Api\ProductApi->getProduct(NULL)
#3 /home/plus-agc/www/green-hands/wp-content/plugins/colormeshop/src/shortcodes/product/class-image.php(32): ColorMeShop\Api\Product_Api->fetch(NULL)
#4 [internal function]: ColorMeShop\Shortcodes\Product\Image::show(Object(Pimple\Container), Array, '', 'colormeshop_ima...')
#5 /home/plus-agc/www/green-hands/wp-content/plugin: /home/plus-agc/www/green-hands/wp-content/plugins/colormeshop/src/Swagger/Api/ProductApi.php の行546

2019-03-19T06:19:29+00:00 CRITICAL Uncaught InvalidArgumentException: Missing the required parameter $product_id when calling getProduct in /home/plus-agc/www/green-hands/wp-content/plugins/colormeshop/src/Swagger/Api/ProductApi.php:546
Stack trace:
#0 /home/plus-agc/www/green-hands/wp-content/plugins/colormeshop/src/Swagger/Api/ProductApi.php(401): ColorMeShop\Swagger\Api\ProductApi->getProductRequest(NULL)
#1 /home/plus-agc/www/green-hands/wp-content/plugins/colormeshop/src/Swagger/Api/ProductApi.php(383): ColorMeShop\Swagger\Api\ProductApi->getProductWithHttpInfo(NULL)
#2 /home/plus-agc/www/green-hands/wp-content/plugins/colormeshop/src/api/class-product-api.php(54): ColorMeShop\Swagger\Api\ProductApi->getProduct(NULL)
#3 /home/plus-agc/www/green-hands/wp-content/plugins/colormeshop/src/shortcodes/product/class-image.php(32): ColorMeShop\Api\Product_Api->fetch(NULL)
#4 [internal function]: ColorMeShop\Shortcodes\Product\Image::show(Object(Pimple\Container), Array, '', 'colormeshop_ima...')
#5 /home/plus-agc/www/green-hands/wp-content/plugin: /home/plus-agc/www/green-hands/wp-content/plugins/colormeshop/src/Swagger/Api/ProductApi.php の行546

2019-03-19T06:20:46+00:00 CRITICAL Uncaught InvalidArgumentException: Missing the required parameter $product_id when calling getProduct in /home/plus-agc/www/green-hands/wp-content/plugins/colormeshop/src/Swagger/Api/ProductApi.php:546
Stack trace:
#0 /home/plus-agc/www/green-hands/wp-content/plugins/colormeshop/src/Swagger/Api/ProductApi.php(401): ColorMeShop\Swagger\Api\ProductApi->getProductRequest(NULL)
#1 /home/plus-agc/www/green-hands/wp-content/plugins/colormeshop/src/Swagger/Api/ProductApi.php(383): ColorMeShop\Swagger\Api\ProductApi->getProductWithHttpInfo(NULL)
#2 /home/plus-agc/www/green-hands/wp-content/plugins/colormeshop/src/api/class-product-api.php(54): ColorMeShop\Swagger\Api\ProductApi->getProduct(NULL)
#3 /home/plus-agc/www/green-hands/wp-content/plugins/colormeshop/src/shortcodes/product/class-image.php(32): ColorMeShop\Api\Product_Api->fetch(NULL)
#4 [internal function]: ColorMeShop\Shortcodes\Product\Image::show(Object(Pimple\Container), Array, '', 'colormeshop_ima...')
#5 /home/plus-agc/www/green-hands/wp-content/plugin: /home/plus-agc/www/green-hands/wp-content/plugins/colormeshop/src/Swagger/Api/ProductApi.php の行546

2019-03-19T06:37:29+00:00 CRITICAL Uncaught InvalidArgumentException: Missing the required parameter $product_id when calling getProduct in /home/plus-agc/www/green-hands/wp-content/plugins/colormeshop/src/Swagger/Api/ProductApi.php:546
Stack trace:
#0 /home/plus-agc/www/green-hands/wp-content/plugins/colormeshop/src/Swagger/Api/ProductApi.php(401): ColorMeShop\Swagger\Api\ProductApi->getProductRequest(NULL)
#1 /home/plus-agc/www/green-hands/wp-content/plugins/colormeshop/src/Swagger/Api/ProductApi.php(383): ColorMeShop\Swagger\Api\ProductApi->getProductWithHttpInfo(NULL)
#2 /home/plus-agc/www/green-hands/wp-content/plugins/colormeshop/src/api/class-product-api.php(54): ColorMeShop\Swagger\Api\ProductApi->getProduct(NULL)
#3 /home/plus-agc/www/green-hands/wp-content/plugins/colormeshop/src/shortcodes/product/class-image.php(32): ColorMeShop\Api\Product_Api->fetch(NULL)
#4 [internal function]: ColorMeShop\Shortcodes\Product\Image::show(Object(Pimple\Container), Array, '', 'colormeshop_ima...')
#5 /home/plus-agc/www/green-hands/wp-content/plugin: /home/plus-agc/www/green-hands/wp-content/plugins/colormeshop/src/Swagger/Api/ProductApi.php の行546

2019-03-19T06:40:46+00:00 CRITICAL Uncaught InvalidArgumentException: Missing the required parameter $product_id when calling getProduct in /home/plus-agc/www/green-hands/wp-content/plugins/colormeshop/src/Swagger/Api/ProductApi.php:546
Stack trace:
#0 /home/plus-agc/www/green-hands/wp-content/plugins/colormeshop/src/Swagger/Api/ProductApi.php(401): ColorMeShop\Swagger\Api\ProductApi->getProductRequest(NULL)
#1 /home/plus-agc/www/green-hands/wp-content/plugins/colormeshop/src/Swagger/Api/ProductApi.php(383): ColorMeShop\Swagger\Api\ProductApi->getProductWithHttpInfo(NULL)
#2 /home/plus-agc/www/green-hands/wp-content/plugins/colormeshop/src/api/class-product-api.php(54): ColorMeShop\Swagger\Api\ProductApi->getProduct(NULL)
#3 /home/plus-agc/www/green-hands/wp-content/plugins/colormeshop/src/shortcodes/product/class-image.php(32): ColorMeShop\Api\Product_Api->fetch(NULL)
#4 [internal function]: ColorMeShop\Shortcodes\Product\Image::show(Object(Pimple\Container), Array, '', 'colormeshop_ima...')
#5 /home/plus-agc/www/green-hands/wp-content/plugin: /home/plus-agc/www/green-hands/wp-content/plugins/colormeshop/src/Swagger/Api/ProductApi.php の行546

2019-03-19T06:41:09+00:00 CRITICAL Uncaught InvalidArgumentException: Missing the required parameter $product_id when calling getProduct in /home/plus-agc/www/green-hands/wp-content/plugins/colormeshop/src/Swagger/Api/ProductApi.php:546
Stack trace:
#0 /home/plus-agc/www/green-hands/wp-content/plugins/colormeshop/src/Swagger/Api/ProductApi.php(401): ColorMeShop\Swagger\Api\ProductApi->getProductRequest(NULL)
#1 /home/plus-agc/www/green-hands/wp-content/plugins/colormeshop/src/Swagger/Api/ProductApi.php(383): ColorMeShop\Swagger\Api\ProductApi->getProductWithHttpInfo(NULL)
#2 /home/plus-agc/www/green-hands/wp-content/plugins/colormeshop/src/api/class-product-api.php(54): ColorMeShop\Swagger\Api\ProductApi->getProduct(NULL)
#3 /home/plus-agc/www/green-hands/wp-content/plugins/colormeshop/src/shortcodes/product/class-image.php(32): ColorMeShop\Api\Product_Api->fetch(NULL)
#4 [internal function]: ColorMeShop\Shortcodes\Product\Image::show(Object(Pimple\Container), Array, '', 'colormeshop_ima...')
#5 /home/plus-agc/www/green-hands/wp-content/plugin: /home/plus-agc/www/green-hands/wp-content/plugins/colormeshop/src/Swagger/Api/ProductApi.php の行546

2019-03-19T06:43:49+00:00 CRITICAL Uncaught InvalidArgumentException: Missing the required parameter $product_id when calling getProduct in /home/plus-agc/www/green-hands/wp-content/plugins/colormeshop/src/Swagger/Api/ProductApi.php:546
Stack trace:
#0 /home/plus-agc/www/green-hands/wp-content/plugins/colormeshop/src/Swagger/Api/ProductApi.php(401): ColorMeShop\Swagger\Api\ProductApi->getProductRequest(NULL)
#1 /home/plus-agc/www/green-hands/wp-content/plugins/colormeshop/src/Swagger/Api/ProductApi.php(383): ColorMeShop\Swagger\Api\ProductApi->getProductWithHttpInfo(NULL)
#2 /home/plus-agc/www/green-hands/wp-content/plugins/colormeshop/src/api/class-product-api.php(54): ColorMeShop\Swagger\Api\ProductApi->getProduct(NULL)
#3 /home/plus-agc/www/green-hands/wp-content/plugins/colormeshop/src/shortcodes/product/class-image.php(32): ColorMeShop\Api\Product_Api->fetch(NULL)
#4 [internal function]: ColorMeShop\Shortcodes\Product\Image::show(Object(Pimple\Container), Array, '', 'colormeshop_ima...')
#5 /home/plus-agc/www/green-hands/wp-content/plugin: /home/plus-agc/www/green-hands/wp-content/plugins/colormeshop/src/Swagger/Api/ProductApi.php の行546

2019-03-19T06:44:30+00:00 CRITICAL Uncaught InvalidArgumentException: Missing the required parameter $product_id when calling getProduct in /home/plus-agc/www/green-hands/wp-content/plugins/colormeshop/src/Swagger/Api/ProductApi.php:546
Stack trace:
#0 /home/plus-agc/www/green-hands/wp-content/plugins/colormeshop/src/Swagger/Api/ProductApi.php(401): ColorMeShop\Swagger\Api\ProductApi->getProductRequest(NULL)
#1 /home/plus-agc/www/green-hands/wp-content/plugins/colormeshop/src/Swagger/Api/ProductApi.php(383): ColorMeShop\Swagger\Api\ProductApi->getProductWithHttpInfo(NULL)
#2 /home/plus-agc/www/green-hands/wp-content/plugins/colormeshop/src/api/class-product-api.php(54): ColorMeShop\Swagger\Api\ProductApi->getProduct(NULL)
#3 /home/plus-agc/www/green-hands/wp-content/plugins/colormeshop/src/shortcodes/product/class-image.php(32): ColorMeShop\Api\Product_Api->fetch(NULL)
#4 [internal function]: ColorMeShop\Shortcodes\Product\Image::show(Object(Pimple\Container), Array, '', 'colormeshop_ima...')
#5 /home/plus-agc/www/green-hands/wp-content/plugin: /home/plus-agc/www/green-hands/wp-content/plugins/colormeshop/src/Swagger/Api/ProductApi.php の行546

2019-03-19T06:45:35+00:00 CRITICAL Uncaught InvalidArgumentException: Missing the required parameter $product_id when calling getProduct in /home/plus-agc/www/green-hands/wp-content/plugins/colormeshop/src/Swagger/Api/ProductApi.php:546
Stack trace:
#0 /home/plus-agc/www/green-hands/wp-content/plugins/colormeshop/src/Swagger/Api/ProductApi.php(401): ColorMeShop\Swagger\Api\ProductApi->getProductRequest(NULL)
#1 /home/plus-agc/www/green-hands/wp-content/plugins/colormeshop/src/Swagger/Api/ProductApi.php(383): ColorMeShop\Swagger\Api\ProductApi->getProductWithHttpInfo(NULL)
#2 /home/plus-agc/www/green-hands/wp-content/plugins/colormeshop/src/api/class-product-api.php(54): ColorMeShop\Swagger\Api\ProductApi->getProduct(NULL)
#3 /home/plus-agc/www/green-hands/wp-content/plugins/colormeshop/src/shortcodes/product/class-image.php(32): ColorMeShop\Api\Product_Api->fetch(NULL)
#4 [internal function]: ColorMeShop\Shortcodes\Product\Image::show(Object(Pimple\Container), Array, '', 'colormeshop_ima...')
#5 /home/plus-agc/www/green-hands/wp-content/plugin: /home/plus-agc/www/green-hands/wp-content/plugins/colormeshop/src/Swagger/Api/ProductApi.php の行546

2019-03-19T06:46:25+00:00 CRITICAL Uncaught InvalidArgumentException: Missing the required parameter $product_id when calling getProduct in /home/plus-agc/www/green-hands/wp-content/plugins/colormeshop/src/Swagger/Api/ProductApi.php:546
Stack trace:
#0 /home/plus-agc/www/green-hands/wp-content/plugins/colormeshop/src/Swagger/Api/ProductApi.php(401): ColorMeShop\Swagger\Api\ProductApi->getProductRequest(NULL)
#1 /home/plus-agc/www/green-hands/wp-content/plugins/colormeshop/src/Swagger/Api/ProductApi.php(383): ColorMeShop\Swagger\Api\ProductApi->getProductWithHttpInfo(NULL)
#2 /home/plus-agc/www/green-hands/wp-content/plugins/colormeshop/src/api/class-product-api.php(54): ColorMeShop\Swagger\Api\ProductApi->getProduct(NULL)
#3 /home/plus-agc/www/green-hands/wp-content/plugins/colormeshop/src/shortcodes/product/class-image.php(32): ColorMeShop\Api\Product_Api->fetch(NULL)
#4 [internal function]: ColorMeShop\Shortcodes\Product\Image::show(Object(Pimple\Container), Array, '', 'colormeshop_ima...')
#5 /home/plus-agc/www/green-hands/wp-content/plugin: /home/plus-agc/www/green-hands/wp-content/plugins/colormeshop/src/Swagger/Api/ProductApi.php の行546

2019-03-19T06:47:40+00:00 CRITICAL Uncaught InvalidArgumentException: Missing the required parameter $product_id when calling getProduct in /home/plus-agc/www/green-hands/wp-content/plugins/colormeshop/src/Swagger/Api/ProductApi.php:546
Stack trace:
#0 /home/plus-agc/www/green-hands/wp-content/plugins/colormeshop/src/Swagger/Api/ProductApi.php(401): ColorMeShop\Swagger\Api\ProductApi->getProductRequest(NULL)
#1 /home/plus-agc/www/green-hands/wp-content/plugins/colormeshop/src/Swagger/Api/ProductApi.php(383): ColorMeShop\Swagger\Api\ProductApi->getProductWithHttpInfo(NULL)
#2 /home/plus-agc/www/green-hands/wp-content/plugins/colormeshop/src/api/class-product-api.php(54): ColorMeShop\Swagger\Api\ProductApi->getProduct(NULL)
#3 /home/plus-agc/www/green-hands/wp-content/plugins/colormeshop/src/shortcodes/product/class-image.php(32): ColorMeShop\Api\Product_Api->fetch(NULL)
#4 [internal function]: ColorMeShop\Shortcodes\Product\Image::show(Object(Pimple\Container), Array, '', 'colormeshop_ima...')
#5 /home/plus-agc/www/green-hands/wp-content/plugin: /home/plus-agc/www/green-hands/wp-content/plugins/colormeshop/src/Swagger/Api/ProductApi.php の行546

2019-03-19T06:48:21+00:00 CRITICAL Uncaught InvalidArgumentException: Missing the required parameter $product_id when calling getProduct in /home/plus-agc/www/green-hands/wp-content/plugins/colormeshop/src/Swagger/Api/ProductApi.php:546
Stack trace:
#0 /home/plus-agc/www/green-hands/wp-content/plugins/colormeshop/src/Swagger/Api/ProductApi.php(401): ColorMeShop\Swagger\Api\ProductApi->getProductRequest(NULL)
#1 /home/plus-agc/www/green-hands/wp-content/plugins/colormeshop/src/Swagger/Api/ProductApi.php(383): ColorMeShop\Swagger\Api\ProductApi->getProductWithHttpInfo(NULL)
#2 /home/plus-agc/www/green-hands/wp-content/plugins/colormeshop/src/api/class-product-api.php(54): ColorMeShop\Swagger\Api\ProductApi->getProduct(NULL)
#3 /home/plus-agc/www/green-hands/wp-content/plugins/colormeshop/src/shortcodes/product/class-image.php(32): ColorMeShop\Api\Product_Api->fetch(NULL)
#4 [internal function]: ColorMeShop\Shortcodes\Product\Image::show(Object(Pimple\Container), Array, '', 'colormeshop_ima...')
#5 /home/plus-agc/www/green-hands/wp-content/plugin: /home/plus-agc/www/green-hands/wp-content/plugins/colormeshop/src/Swagger/Api/ProductApi.php の行546

2019-03-19T06:51:04+00:00 CRITICAL Uncaught InvalidArgumentException: Missing the required parameter $product_id when calling getProduct in /home/plus-agc/www/green-hands/wp-content/plugins/colormeshop/src/Swagger/Api/ProductApi.php:546
Stack trace:
#0 /home/plus-agc/www/green-hands/wp-content/plugins/colormeshop/src/Swagger/Api/ProductApi.php(401): ColorMeShop\Swagger\Api\ProductApi->getProductRequest(NULL)
#1 /home/plus-agc/www/green-hands/wp-content/plugins/colormeshop/src/Swagger/Api/ProductApi.php(383): ColorMeShop\Swagger\Api\ProductApi->getProductWithHttpInfo(NULL)
#2 /home/plus-agc/www/green-hands/wp-content/plugins/colormeshop/src/api/class-product-api.php(54): ColorMeShop\Swagger\Api\ProductApi->getProduct(NULL)
#3 /home/plus-agc/www/green-hands/wp-content/plugins/colormeshop/src/shortcodes/product/class-image.php(32): ColorMeShop\Api\Product_Api->fetch(NULL)
#4 [internal function]: ColorMeShop\Shortcodes\Product\Image::show(Object(Pimple\Container), Array, '', 'colormeshop_ima...')
#5 /home/plus-agc/www/green-hands/wp-content/plugin: /home/plus-agc/www/green-hands/wp-content/plugins/colormeshop/src/Swagger/Api/ProductApi.php の行546

