2019-03-21T00:14:05+00:00 CRITICAL Uncaught InvalidArgumentException: Missing the required parameter $product_id when calling getProduct in /home/plus-agc/www/green-hands/wp-content/plugins/colormeshop/src/Swagger/Api/ProductApi.php:546
Stack trace:
#0 /home/plus-agc/www/green-hands/wp-content/plugins/colormeshop/src/Swagger/Api/ProductApi.php(401): ColorMeShop\Swagger\Api\ProductApi->getProductRequest(NULL)
#1 /home/plus-agc/www/green-hands/wp-content/plugins/colormeshop/src/Swagger/Api/ProductApi.php(383): ColorMeShop\Swagger\Api\ProductApi->getProductWithHttpInfo(NULL)
#2 /home/plus-agc/www/green-hands/wp-content/plugins/colormeshop/src/api/class-product-api.php(54): ColorMeShop\Swagger\Api\ProductApi->getProduct(NULL)
#3 /home/plus-agc/www/green-hands/wp-content/plugins/colormeshop/src/shortcodes/product/class-image.php(32): ColorMeShop\Api\Product_Api->fetch(NULL)
#4 [internal function]: ColorMeShop\Shortcodes\Product\Image::show(Object(Pimple\Container), Array, '', 'colormeshop_ima...')
#5 /home/plus-agc/www/green-hands/wp-content/plugin: /home/plus-agc/www/green-hands/wp-content/plugins/colormeshop/src/Swagger/Api/ProductApi.php の行546

2019-03-21T00:15:30+00:00 CRITICAL Uncaught InvalidArgumentException: Missing the required parameter $product_id when calling getProduct in /home/plus-agc/www/green-hands/wp-content/plugins/colormeshop/src/Swagger/Api/ProductApi.php:546
Stack trace:
#0 /home/plus-agc/www/green-hands/wp-content/plugins/colormeshop/src/Swagger/Api/ProductApi.php(401): ColorMeShop\Swagger\Api\ProductApi->getProductRequest(NULL)
#1 /home/plus-agc/www/green-hands/wp-content/plugins/colormeshop/src/Swagger/Api/ProductApi.php(383): ColorMeShop\Swagger\Api\ProductApi->getProductWithHttpInfo(NULL)
#2 /home/plus-agc/www/green-hands/wp-content/plugins/colormeshop/src/api/class-product-api.php(54): ColorMeShop\Swagger\Api\ProductApi->getProduct(NULL)
#3 /home/plus-agc/www/green-hands/wp-content/plugins/colormeshop/src/shortcodes/product/class-image.php(32): ColorMeShop\Api\Product_Api->fetch(NULL)
#4 [internal function]: ColorMeShop\Shortcodes\Product\Image::show(Object(Pimple\Container), Array, '', 'colormeshop_ima...')
#5 /home/plus-agc/www/green-hands/wp-content/plugin: /home/plus-agc/www/green-hands/wp-content/plugins/colormeshop/src/Swagger/Api/ProductApi.php の行546

2019-03-21T00:16:56+00:00 CRITICAL Uncaught InvalidArgumentException: Missing the required parameter $product_id when calling getProduct in /home/plus-agc/www/green-hands/wp-content/plugins/colormeshop/src/Swagger/Api/ProductApi.php:546
Stack trace:
#0 /home/plus-agc/www/green-hands/wp-content/plugins/colormeshop/src/Swagger/Api/ProductApi.php(401): ColorMeShop\Swagger\Api\ProductApi->getProductRequest(NULL)
#1 /home/plus-agc/www/green-hands/wp-content/plugins/colormeshop/src/Swagger/Api/ProductApi.php(383): ColorMeShop\Swagger\Api\ProductApi->getProductWithHttpInfo(NULL)
#2 /home/plus-agc/www/green-hands/wp-content/plugins/colormeshop/src/api/class-product-api.php(54): ColorMeShop\Swagger\Api\ProductApi->getProduct(NULL)
#3 /home/plus-agc/www/green-hands/wp-content/plugins/colormeshop/src/shortcodes/product/class-image.php(32): ColorMeShop\Api\Product_Api->fetch(NULL)
#4 [internal function]: ColorMeShop\Shortcodes\Product\Image::show(Object(Pimple\Container), Array, '', 'colormeshop_ima...')
#5 /home/plus-agc/www/green-hands/wp-content/plugin: /home/plus-agc/www/green-hands/wp-content/plugins/colormeshop/src/Swagger/Api/ProductApi.php の行546

2019-03-21T00:38:26+00:00 CRITICAL Uncaught InvalidArgumentException: Missing the required parameter $product_id when calling getProduct in /home/plus-agc/www/green-hands/wp-content/plugins/colormeshop/src/Swagger/Api/ProductApi.php:546
Stack trace:
#0 /home/plus-agc/www/green-hands/wp-content/plugins/colormeshop/src/Swagger/Api/ProductApi.php(401): ColorMeShop\Swagger\Api\ProductApi->getProductRequest(NULL)
#1 /home/plus-agc/www/green-hands/wp-content/plugins/colormeshop/src/Swagger/Api/ProductApi.php(383): ColorMeShop\Swagger\Api\ProductApi->getProductWithHttpInfo(NULL)
#2 /home/plus-agc/www/green-hands/wp-content/plugins/colormeshop/src/api/class-product-api.php(54): ColorMeShop\Swagger\Api\ProductApi->getProduct(NULL)
#3 /home/plus-agc/www/green-hands/wp-content/plugins/colormeshop/src/shortcodes/product/class-image.php(32): ColorMeShop\Api\Product_Api->fetch(NULL)
#4 [internal function]: ColorMeShop\Shortcodes\Product\Image::show(Object(Pimple\Container), Array, '', 'colormeshop_ima...')
#5 /home/plus-agc/www/green-hands/wp-content/plugin: /home/plus-agc/www/green-hands/wp-content/plugins/colormeshop/src/Swagger/Api/ProductApi.php の行546

2019-03-21T00:39:06+00:00 CRITICAL Uncaught InvalidArgumentException: Missing the required parameter $product_id when calling getProduct in /home/plus-agc/www/green-hands/wp-content/plugins/colormeshop/src/Swagger/Api/ProductApi.php:546
Stack trace:
#0 /home/plus-agc/www/green-hands/wp-content/plugins/colormeshop/src/Swagger/Api/ProductApi.php(401): ColorMeShop\Swagger\Api\ProductApi->getProductRequest(NULL)
#1 /home/plus-agc/www/green-hands/wp-content/plugins/colormeshop/src/Swagger/Api/ProductApi.php(383): ColorMeShop\Swagger\Api\ProductApi->getProductWithHttpInfo(NULL)
#2 /home/plus-agc/www/green-hands/wp-content/plugins/colormeshop/src/api/class-product-api.php(54): ColorMeShop\Swagger\Api\ProductApi->getProduct(NULL)
#3 /home/plus-agc/www/green-hands/wp-content/plugins/colormeshop/src/shortcodes/product/class-image.php(32): ColorMeShop\Api\Product_Api->fetch(NULL)
#4 [internal function]: ColorMeShop\Shortcodes\Product\Image::show(Object(Pimple\Container), Array, '', 'colormeshop_ima...')
#5 /home/plus-agc/www/green-hands/wp-content/plugin: /home/plus-agc/www/green-hands/wp-content/plugins/colormeshop/src/Swagger/Api/ProductApi.php の行546

2019-03-21T00:42:29+00:00 CRITICAL Uncaught InvalidArgumentException: Missing the required parameter $product_id when calling getProduct in /home/plus-agc/www/green-hands/wp-content/plugins/colormeshop/src/Swagger/Api/ProductApi.php:546
Stack trace:
#0 /home/plus-agc/www/green-hands/wp-content/plugins/colormeshop/src/Swagger/Api/ProductApi.php(401): ColorMeShop\Swagger\Api\ProductApi->getProductRequest(NULL)
#1 /home/plus-agc/www/green-hands/wp-content/plugins/colormeshop/src/Swagger/Api/ProductApi.php(383): ColorMeShop\Swagger\Api\ProductApi->getProductWithHttpInfo(NULL)
#2 /home/plus-agc/www/green-hands/wp-content/plugins/colormeshop/src/api/class-product-api.php(54): ColorMeShop\Swagger\Api\ProductApi->getProduct(NULL)
#3 /home/plus-agc/www/green-hands/wp-content/plugins/colormeshop/src/shortcodes/product/class-image.php(32): ColorMeShop\Api\Product_Api->fetch(NULL)
#4 [internal function]: ColorMeShop\Shortcodes\Product\Image::show(Object(Pimple\Container), Array, '', 'colormeshop_ima...')
#5 /home/plus-agc/www/green-hands/wp-content/plugin: /home/plus-agc/www/green-hands/wp-content/plugins/colormeshop/src/Swagger/Api/ProductApi.php の行546

2019-03-21T00:43:14+00:00 CRITICAL Uncaught InvalidArgumentException: Missing the required parameter $product_id when calling getProduct in /home/plus-agc/www/green-hands/wp-content/plugins/colormeshop/src/Swagger/Api/ProductApi.php:546
Stack trace:
#0 /home/plus-agc/www/green-hands/wp-content/plugins/colormeshop/src/Swagger/Api/ProductApi.php(401): ColorMeShop\Swagger\Api\ProductApi->getProductRequest(NULL)
#1 /home/plus-agc/www/green-hands/wp-content/plugins/colormeshop/src/Swagger/Api/ProductApi.php(383): ColorMeShop\Swagger\Api\ProductApi->getProductWithHttpInfo(NULL)
#2 /home/plus-agc/www/green-hands/wp-content/plugins/colormeshop/src/api/class-product-api.php(54): ColorMeShop\Swagger\Api\ProductApi->getProduct(NULL)
#3 /home/plus-agc/www/green-hands/wp-content/plugins/colormeshop/src/shortcodes/product/class-image.php(32): ColorMeShop\Api\Product_Api->fetch(NULL)
#4 [internal function]: ColorMeShop\Shortcodes\Product\Image::show(Object(Pimple\Container), Array, '', 'colormeshop_ima...')
#5 /home/plus-agc/www/green-hands/wp-content/plugin: /home/plus-agc/www/green-hands/wp-content/plugins/colormeshop/src/Swagger/Api/ProductApi.php の行546

2019-03-21T00:44:25+00:00 CRITICAL Uncaught InvalidArgumentException: Missing the required parameter $product_id when calling getProduct in /home/plus-agc/www/green-hands/wp-content/plugins/colormeshop/src/Swagger/Api/ProductApi.php:546
Stack trace:
#0 /home/plus-agc/www/green-hands/wp-content/plugins/colormeshop/src/Swagger/Api/ProductApi.php(401): ColorMeShop\Swagger\Api\ProductApi->getProductRequest(NULL)
#1 /home/plus-agc/www/green-hands/wp-content/plugins/colormeshop/src/Swagger/Api/ProductApi.php(383): ColorMeShop\Swagger\Api\ProductApi->getProductWithHttpInfo(NULL)
#2 /home/plus-agc/www/green-hands/wp-content/plugins/colormeshop/src/api/class-product-api.php(54): ColorMeShop\Swagger\Api\ProductApi->getProduct(NULL)
#3 /home/plus-agc/www/green-hands/wp-content/plugins/colormeshop/src/shortcodes/product/class-image.php(32): ColorMeShop\Api\Product_Api->fetch(NULL)
#4 [internal function]: ColorMeShop\Shortcodes\Product\Image::show(Object(Pimple\Container), Array, '', 'colormeshop_ima...')
#5 /home/plus-agc/www/green-hands/wp-content/plugin: /home/plus-agc/www/green-hands/wp-content/plugins/colormeshop/src/Swagger/Api/ProductApi.php の行546

2019-03-21T01:02:59+00:00 CRITICAL Uncaught InvalidArgumentException: Missing the required parameter $product_id when calling getProduct in /home/plus-agc/www/green-hands/wp-content/plugins/colormeshop/src/Swagger/Api/ProductApi.php:546
Stack trace:
#0 /home/plus-agc/www/green-hands/wp-content/plugins/colormeshop/src/Swagger/Api/ProductApi.php(401): ColorMeShop\Swagger\Api\ProductApi->getProductRequest(NULL)
#1 /home/plus-agc/www/green-hands/wp-content/plugins/colormeshop/src/Swagger/Api/ProductApi.php(383): ColorMeShop\Swagger\Api\ProductApi->getProductWithHttpInfo(NULL)
#2 /home/plus-agc/www/green-hands/wp-content/plugins/colormeshop/src/api/class-product-api.php(54): ColorMeShop\Swagger\Api\ProductApi->getProduct(NULL)
#3 /home/plus-agc/www/green-hands/wp-content/plugins/colormeshop/src/shortcodes/product/class-image.php(32): ColorMeShop\Api\Product_Api->fetch(NULL)
#4 [internal function]: ColorMeShop\Shortcodes\Product\Image::show(Object(Pimple\Container), Array, '', 'colormeshop_ima...')
#5 /home/plus-agc/www/green-hands/wp-content/plugin: /home/plus-agc/www/green-hands/wp-content/plugins/colormeshop/src/Swagger/Api/ProductApi.php の行546

2019-03-21T01:25:48+00:00 CRITICAL Uncaught InvalidArgumentException: Missing the required parameter $product_id when calling getProduct in /home/plus-agc/www/green-hands/wp-content/plugins/colormeshop/src/Swagger/Api/ProductApi.php:546
Stack trace:
#0 /home/plus-agc/www/green-hands/wp-content/plugins/colormeshop/src/Swagger/Api/ProductApi.php(401): ColorMeShop\Swagger\Api\ProductApi->getProductRequest(NULL)
#1 /home/plus-agc/www/green-hands/wp-content/plugins/colormeshop/src/Swagger/Api/ProductApi.php(383): ColorMeShop\Swagger\Api\ProductApi->getProductWithHttpInfo(NULL)
#2 /home/plus-agc/www/green-hands/wp-content/plugins/colormeshop/src/api/class-product-api.php(54): ColorMeShop\Swagger\Api\ProductApi->getProduct(NULL)
#3 /home/plus-agc/www/green-hands/wp-content/plugins/colormeshop/src/shortcodes/product/class-image.php(32): ColorMeShop\Api\Product_Api->fetch(NULL)
#4 [internal function]: ColorMeShop\Shortcodes\Product\Image::show(Object(Pimple\Container), Array, '', 'colormeshop_ima...')
#5 /home/plus-agc/www/green-hands/wp-content/plugin: /home/plus-agc/www/green-hands/wp-content/plugins/colormeshop/src/Swagger/Api/ProductApi.php の行546

2019-03-21T01:29:59+00:00 CRITICAL Uncaught InvalidArgumentException: Missing the required parameter $product_id when calling getProduct in /home/plus-agc/www/green-hands/wp-content/plugins/colormeshop/src/Swagger/Api/ProductApi.php:546
Stack trace:
#0 /home/plus-agc/www/green-hands/wp-content/plugins/colormeshop/src/Swagger/Api/ProductApi.php(401): ColorMeShop\Swagger\Api\ProductApi->getProductRequest(NULL)
#1 /home/plus-agc/www/green-hands/wp-content/plugins/colormeshop/src/Swagger/Api/ProductApi.php(383): ColorMeShop\Swagger\Api\ProductApi->getProductWithHttpInfo(NULL)
#2 /home/plus-agc/www/green-hands/wp-content/plugins/colormeshop/src/api/class-product-api.php(54): ColorMeShop\Swagger\Api\ProductApi->getProduct(NULL)
#3 /home/plus-agc/www/green-hands/wp-content/plugins/colormeshop/src/shortcodes/product/class-image.php(32): ColorMeShop\Api\Product_Api->fetch(NULL)
#4 [internal function]: ColorMeShop\Shortcodes\Product\Image::show(Object(Pimple\Container), Array, '', 'colormeshop_ima...')
#5 /home/plus-agc/www/green-hands/wp-content/plugin: /home/plus-agc/www/green-hands/wp-content/plugins/colormeshop/src/Swagger/Api/ProductApi.php の行546

2019-03-21T01:45:50+00:00 CRITICAL Uncaught InvalidArgumentException: Missing the required parameter $product_id when calling getProduct in /home/plus-agc/www/green-hands/wp-content/plugins/colormeshop/src/Swagger/Api/ProductApi.php:546
Stack trace:
#0 /home/plus-agc/www/green-hands/wp-content/plugins/colormeshop/src/Swagger/Api/ProductApi.php(401): ColorMeShop\Swagger\Api\ProductApi->getProductRequest(NULL)
#1 /home/plus-agc/www/green-hands/wp-content/plugins/colormeshop/src/Swagger/Api/ProductApi.php(383): ColorMeShop\Swagger\Api\ProductApi->getProductWithHttpInfo(NULL)
#2 /home/plus-agc/www/green-hands/wp-content/plugins/colormeshop/src/api/class-product-api.php(54): ColorMeShop\Swagger\Api\ProductApi->getProduct(NULL)
#3 /home/plus-agc/www/green-hands/wp-content/plugins/colormeshop/src/shortcodes/product/class-image.php(32): ColorMeShop\Api\Product_Api->fetch(NULL)
#4 [internal function]: ColorMeShop\Shortcodes\Product\Image::show(Object(Pimple\Container), Array, '', 'colormeshop_ima...')
#5 /home/plus-agc/www/green-hands/wp-content/plugin: /home/plus-agc/www/green-hands/wp-content/plugins/colormeshop/src/Swagger/Api/ProductApi.php の行546

2019-03-21T01:45:54+00:00 CRITICAL Uncaught InvalidArgumentException: Missing the required parameter $product_id when calling getProduct in /home/plus-agc/www/green-hands/wp-content/plugins/colormeshop/src/Swagger/Api/ProductApi.php:546
Stack trace:
#0 /home/plus-agc/www/green-hands/wp-content/plugins/colormeshop/src/Swagger/Api/ProductApi.php(401): ColorMeShop\Swagger\Api\ProductApi->getProductRequest(NULL)
#1 /home/plus-agc/www/green-hands/wp-content/plugins/colormeshop/src/Swagger/Api/ProductApi.php(383): ColorMeShop\Swagger\Api\ProductApi->getProductWithHttpInfo(NULL)
#2 /home/plus-agc/www/green-hands/wp-content/plugins/colormeshop/src/api/class-product-api.php(54): ColorMeShop\Swagger\Api\ProductApi->getProduct(NULL)
#3 /home/plus-agc/www/green-hands/wp-content/plugins/colormeshop/src/shortcodes/product/class-image.php(32): ColorMeShop\Api\Product_Api->fetch(NULL)
#4 [internal function]: ColorMeShop\Shortcodes\Product\Image::show(Object(Pimple\Container), Array, '', 'colormeshop_ima...')
#5 /home/plus-agc/www/green-hands/wp-content/plugin: /home/plus-agc/www/green-hands/wp-content/plugins/colormeshop/src/Swagger/Api/ProductApi.php の行546

2019-03-21T01:53:52+00:00 CRITICAL Uncaught InvalidArgumentException: Missing the required parameter $product_id when calling getProduct in /home/plus-agc/www/green-hands/wp-content/plugins/colormeshop/src/Swagger/Api/ProductApi.php:546
Stack trace:
#0 /home/plus-agc/www/green-hands/wp-content/plugins/colormeshop/src/Swagger/Api/ProductApi.php(401): ColorMeShop\Swagger\Api\ProductApi->getProductRequest(NULL)
#1 /home/plus-agc/www/green-hands/wp-content/plugins/colormeshop/src/Swagger/Api/ProductApi.php(383): ColorMeShop\Swagger\Api\ProductApi->getProductWithHttpInfo(NULL)
#2 /home/plus-agc/www/green-hands/wp-content/plugins/colormeshop/src/api/class-product-api.php(54): ColorMeShop\Swagger\Api\ProductApi->getProduct(NULL)
#3 /home/plus-agc/www/green-hands/wp-content/plugins/colormeshop/src/shortcodes/product/class-image.php(32): ColorMeShop\Api\Product_Api->fetch(NULL)
#4 [internal function]: ColorMeShop\Shortcodes\Product\Image::show(Object(Pimple\Container), Array, '', 'colormeshop_ima...')
#5 /home/plus-agc/www/green-hands/wp-content/plugin: /home/plus-agc/www/green-hands/wp-content/plugins/colormeshop/src/Swagger/Api/ProductApi.php の行546

2019-03-21T01:53:56+00:00 CRITICAL Uncaught InvalidArgumentException: Missing the required parameter $product_id when calling getProduct in /home/plus-agc/www/green-hands/wp-content/plugins/colormeshop/src/Swagger/Api/ProductApi.php:546
Stack trace:
#0 /home/plus-agc/www/green-hands/wp-content/plugins/colormeshop/src/Swagger/Api/ProductApi.php(401): ColorMeShop\Swagger\Api\ProductApi->getProductRequest(NULL)
#1 /home/plus-agc/www/green-hands/wp-content/plugins/colormeshop/src/Swagger/Api/ProductApi.php(383): ColorMeShop\Swagger\Api\ProductApi->getProductWithHttpInfo(NULL)
#2 /home/plus-agc/www/green-hands/wp-content/plugins/colormeshop/src/api/class-product-api.php(54): ColorMeShop\Swagger\Api\ProductApi->getProduct(NULL)
#3 /home/plus-agc/www/green-hands/wp-content/plugins/colormeshop/src/shortcodes/product/class-image.php(32): ColorMeShop\Api\Product_Api->fetch(NULL)
#4 [internal function]: ColorMeShop\Shortcodes\Product\Image::show(Object(Pimple\Container), Array, '', 'colormeshop_ima...')
#5 /home/plus-agc/www/green-hands/wp-content/plugin: /home/plus-agc/www/green-hands/wp-content/plugins/colormeshop/src/Swagger/Api/ProductApi.php の行546

2019-03-21T01:55:32+00:00 CRITICAL Uncaught InvalidArgumentException: Missing the required parameter $product_id when calling getProduct in /home/plus-agc/www/green-hands/wp-content/plugins/colormeshop/src/Swagger/Api/ProductApi.php:546
Stack trace:
#0 /home/plus-agc/www/green-hands/wp-content/plugins/colormeshop/src/Swagger/Api/ProductApi.php(401): ColorMeShop\Swagger\Api\ProductApi->getProductRequest(NULL)
#1 /home/plus-agc/www/green-hands/wp-content/plugins/colormeshop/src/Swagger/Api/ProductApi.php(383): ColorMeShop\Swagger\Api\ProductApi->getProductWithHttpInfo(NULL)
#2 /home/plus-agc/www/green-hands/wp-content/plugins/colormeshop/src/api/class-product-api.php(54): ColorMeShop\Swagger\Api\ProductApi->getProduct(NULL)
#3 /home/plus-agc/www/green-hands/wp-content/plugins/colormeshop/src/shortcodes/product/class-image.php(32): ColorMeShop\Api\Product_Api->fetch(NULL)
#4 [internal function]: ColorMeShop\Shortcodes\Product\Image::show(Object(Pimple\Container), Array, '', 'colormeshop_ima...')
#5 /home/plus-agc/www/green-hands/wp-content/plugin: /home/plus-agc/www/green-hands/wp-content/plugins/colormeshop/src/Swagger/Api/ProductApi.php の行546

2019-03-21T02:20:12+00:00 CRITICAL Uncaught InvalidArgumentException: Missing the required parameter $product_id when calling getProduct in /home/plus-agc/www/green-hands/wp-content/plugins/colormeshop/src/Swagger/Api/ProductApi.php:546
Stack trace:
#0 /home/plus-agc/www/green-hands/wp-content/plugins/colormeshop/src/Swagger/Api/ProductApi.php(401): ColorMeShop\Swagger\Api\ProductApi->getProductRequest(NULL)
#1 /home/plus-agc/www/green-hands/wp-content/plugins/colormeshop/src/Swagger/Api/ProductApi.php(383): ColorMeShop\Swagger\Api\ProductApi->getProductWithHttpInfo(NULL)
#2 /home/plus-agc/www/green-hands/wp-content/plugins/colormeshop/src/api/class-product-api.php(54): ColorMeShop\Swagger\Api\ProductApi->getProduct(NULL)
#3 /home/plus-agc/www/green-hands/wp-content/plugins/colormeshop/src/shortcodes/product/class-image.php(32): ColorMeShop\Api\Product_Api->fetch(NULL)
#4 [internal function]: ColorMeShop\Shortcodes\Product\Image::show(Object(Pimple\Container), Array, '', 'colormeshop_ima...')
#5 /home/plus-agc/www/green-hands/wp-content/plugin: /home/plus-agc/www/green-hands/wp-content/plugins/colormeshop/src/Swagger/Api/ProductApi.php の行546

2019-03-21T02:21:20+00:00 CRITICAL Uncaught InvalidArgumentException: Missing the required parameter $product_id when calling getProduct in /home/plus-agc/www/green-hands/wp-content/plugins/colormeshop/src/Swagger/Api/ProductApi.php:546
Stack trace:
#0 /home/plus-agc/www/green-hands/wp-content/plugins/colormeshop/src/Swagger/Api/ProductApi.php(401): ColorMeShop\Swagger\Api\ProductApi->getProductRequest(NULL)
#1 /home/plus-agc/www/green-hands/wp-content/plugins/colormeshop/src/Swagger/Api/ProductApi.php(383): ColorMeShop\Swagger\Api\ProductApi->getProductWithHttpInfo(NULL)
#2 /home/plus-agc/www/green-hands/wp-content/plugins/colormeshop/src/api/class-product-api.php(54): ColorMeShop\Swagger\Api\ProductApi->getProduct(NULL)
#3 /home/plus-agc/www/green-hands/wp-content/plugins/colormeshop/src/shortcodes/product/class-image.php(32): ColorMeShop\Api\Product_Api->fetch(NULL)
#4 [internal function]: ColorMeShop\Shortcodes\Product\Image::show(Object(Pimple\Container), Array, '', 'colormeshop_ima...')
#5 /home/plus-agc/www/green-hands/wp-content/plugin: /home/plus-agc/www/green-hands/wp-content/plugins/colormeshop/src/Swagger/Api/ProductApi.php の行546

2019-03-21T02:21:24+00:00 CRITICAL Uncaught InvalidArgumentException: Missing the required parameter $product_id when calling getProduct in /home/plus-agc/www/green-hands/wp-content/plugins/colormeshop/src/Swagger/Api/ProductApi.php:546
Stack trace:
#0 /home/plus-agc/www/green-hands/wp-content/plugins/colormeshop/src/Swagger/Api/ProductApi.php(401): ColorMeShop\Swagger\Api\ProductApi->getProductRequest(NULL)
#1 /home/plus-agc/www/green-hands/wp-content/plugins/colormeshop/src/Swagger/Api/ProductApi.php(383): ColorMeShop\Swagger\Api\ProductApi->getProductWithHttpInfo(NULL)
#2 /home/plus-agc/www/green-hands/wp-content/plugins/colormeshop/src/api/class-product-api.php(54): ColorMeShop\Swagger\Api\ProductApi->getProduct(NULL)
#3 /home/plus-agc/www/green-hands/wp-content/plugins/colormeshop/src/shortcodes/product/class-image.php(32): ColorMeShop\Api\Product_Api->fetch(NULL)
#4 [internal function]: ColorMeShop\Shortcodes\Product\Image::show(Object(Pimple\Container), Array, '', 'colormeshop_ima...')
#5 /home/plus-agc/www/green-hands/wp-content/plugin: /home/plus-agc/www/green-hands/wp-content/plugins/colormeshop/src/Swagger/Api/ProductApi.php の行546

2019-03-21T02:24:37+00:00 CRITICAL Uncaught InvalidArgumentException: Missing the required parameter $product_id when calling getProduct in /home/plus-agc/www/green-hands/wp-content/plugins/colormeshop/src/Swagger/Api/ProductApi.php:546
Stack trace:
#0 /home/plus-agc/www/green-hands/wp-content/plugins/colormeshop/src/Swagger/Api/ProductApi.php(401): ColorMeShop\Swagger\Api\ProductApi->getProductRequest(NULL)
#1 /home/plus-agc/www/green-hands/wp-content/plugins/colormeshop/src/Swagger/Api/ProductApi.php(383): ColorMeShop\Swagger\Api\ProductApi->getProductWithHttpInfo(NULL)
#2 /home/plus-agc/www/green-hands/wp-content/plugins/colormeshop/src/api/class-product-api.php(54): ColorMeShop\Swagger\Api\ProductApi->getProduct(NULL)
#3 /home/plus-agc/www/green-hands/wp-content/plugins/colormeshop/src/shortcodes/product/class-image.php(32): ColorMeShop\Api\Product_Api->fetch(NULL)
#4 [internal function]: ColorMeShop\Shortcodes\Product\Image::show(Object(Pimple\Container), Array, '', 'colormeshop_ima...')
#5 /home/plus-agc/www/green-hands/wp-content/plugin: /home/plus-agc/www/green-hands/wp-content/plugins/colormeshop/src/Swagger/Api/ProductApi.php の行546

2019-03-21T02:24:40+00:00 CRITICAL Uncaught InvalidArgumentException: Missing the required parameter $product_id when calling getProduct in /home/plus-agc/www/green-hands/wp-content/plugins/colormeshop/src/Swagger/Api/ProductApi.php:546
Stack trace:
#0 /home/plus-agc/www/green-hands/wp-content/plugins/colormeshop/src/Swagger/Api/ProductApi.php(401): ColorMeShop\Swagger\Api\ProductApi->getProductRequest(NULL)
#1 /home/plus-agc/www/green-hands/wp-content/plugins/colormeshop/src/Swagger/Api/ProductApi.php(383): ColorMeShop\Swagger\Api\ProductApi->getProductWithHttpInfo(NULL)
#2 /home/plus-agc/www/green-hands/wp-content/plugins/colormeshop/src/api/class-product-api.php(54): ColorMeShop\Swagger\Api\ProductApi->getProduct(NULL)
#3 /home/plus-agc/www/green-hands/wp-content/plugins/colormeshop/src/shortcodes/product/class-image.php(32): ColorMeShop\Api\Product_Api->fetch(NULL)
#4 [internal function]: ColorMeShop\Shortcodes\Product\Image::show(Object(Pimple\Container), Array, '', 'colormeshop_ima...')
#5 /home/plus-agc/www/green-hands/wp-content/plugin: /home/plus-agc/www/green-hands/wp-content/plugins/colormeshop/src/Swagger/Api/ProductApi.php の行546

2019-03-21T02:29:04+00:00 CRITICAL Uncaught InvalidArgumentException: Missing the required parameter $product_id when calling getProduct in /home/plus-agc/www/green-hands/wp-content/plugins/colormeshop/src/Swagger/Api/ProductApi.php:546
Stack trace:
#0 /home/plus-agc/www/green-hands/wp-content/plugins/colormeshop/src/Swagger/Api/ProductApi.php(401): ColorMeShop\Swagger\Api\ProductApi->getProductRequest(NULL)
#1 /home/plus-agc/www/green-hands/wp-content/plugins/colormeshop/src/Swagger/Api/ProductApi.php(383): ColorMeShop\Swagger\Api\ProductApi->getProductWithHttpInfo(NULL)
#2 /home/plus-agc/www/green-hands/wp-content/plugins/colormeshop/src/api/class-product-api.php(54): ColorMeShop\Swagger\Api\ProductApi->getProduct(NULL)
#3 /home/plus-agc/www/green-hands/wp-content/plugins/colormeshop/src/shortcodes/product/class-image.php(32): ColorMeShop\Api\Product_Api->fetch(NULL)
#4 [internal function]: ColorMeShop\Shortcodes\Product\Image::show(Object(Pimple\Container), Array, '', 'colormeshop_ima...')
#5 /home/plus-agc/www/green-hands/wp-content/plugin: /home/plus-agc/www/green-hands/wp-content/plugins/colormeshop/src/Swagger/Api/ProductApi.php の行546

2019-03-21T02:29:07+00:00 CRITICAL Uncaught InvalidArgumentException: Missing the required parameter $product_id when calling getProduct in /home/plus-agc/www/green-hands/wp-content/plugins/colormeshop/src/Swagger/Api/ProductApi.php:546
Stack trace:
#0 /home/plus-agc/www/green-hands/wp-content/plugins/colormeshop/src/Swagger/Api/ProductApi.php(401): ColorMeShop\Swagger\Api\ProductApi->getProductRequest(NULL)
#1 /home/plus-agc/www/green-hands/wp-content/plugins/colormeshop/src/Swagger/Api/ProductApi.php(383): ColorMeShop\Swagger\Api\ProductApi->getProductWithHttpInfo(NULL)
#2 /home/plus-agc/www/green-hands/wp-content/plugins/colormeshop/src/api/class-product-api.php(54): ColorMeShop\Swagger\Api\ProductApi->getProduct(NULL)
#3 /home/plus-agc/www/green-hands/wp-content/plugins/colormeshop/src/shortcodes/product/class-image.php(32): ColorMeShop\Api\Product_Api->fetch(NULL)
#4 [internal function]: ColorMeShop\Shortcodes\Product\Image::show(Object(Pimple\Container), Array, '', 'colormeshop_ima...')
#5 /home/plus-agc/www/green-hands/wp-content/plugin: /home/plus-agc/www/green-hands/wp-content/plugins/colormeshop/src/Swagger/Api/ProductApi.php の行546

2019-03-21T02:34:24+00:00 CRITICAL Uncaught InvalidArgumentException: Missing the required parameter $product_id when calling getProduct in /home/plus-agc/www/green-hands/wp-content/plugins/colormeshop/src/Swagger/Api/ProductApi.php:546
Stack trace:
#0 /home/plus-agc/www/green-hands/wp-content/plugins/colormeshop/src/Swagger/Api/ProductApi.php(401): ColorMeShop\Swagger\Api\ProductApi->getProductRequest(NULL)
#1 /home/plus-agc/www/green-hands/wp-content/plugins/colormeshop/src/Swagger/Api/ProductApi.php(383): ColorMeShop\Swagger\Api\ProductApi->getProductWithHttpInfo(NULL)
#2 /home/plus-agc/www/green-hands/wp-content/plugins/colormeshop/src/api/class-product-api.php(54): ColorMeShop\Swagger\Api\ProductApi->getProduct(NULL)
#3 /home/plus-agc/www/green-hands/wp-content/plugins/colormeshop/src/shortcodes/product/class-image.php(32): ColorMeShop\Api\Product_Api->fetch(NULL)
#4 [internal function]: ColorMeShop\Shortcodes\Product\Image::show(Object(Pimple\Container), Array, '', 'colormeshop_ima...')
#5 /home/plus-agc/www/green-hands/wp-content/plugin: /home/plus-agc/www/green-hands/wp-content/plugins/colormeshop/src/Swagger/Api/ProductApi.php の行546

2019-03-21T02:34:27+00:00 CRITICAL Uncaught InvalidArgumentException: Missing the required parameter $product_id when calling getProduct in /home/plus-agc/www/green-hands/wp-content/plugins/colormeshop/src/Swagger/Api/ProductApi.php:546
Stack trace:
#0 /home/plus-agc/www/green-hands/wp-content/plugins/colormeshop/src/Swagger/Api/ProductApi.php(401): ColorMeShop\Swagger\Api\ProductApi->getProductRequest(NULL)
#1 /home/plus-agc/www/green-hands/wp-content/plugins/colormeshop/src/Swagger/Api/ProductApi.php(383): ColorMeShop\Swagger\Api\ProductApi->getProductWithHttpInfo(NULL)
#2 /home/plus-agc/www/green-hands/wp-content/plugins/colormeshop/src/api/class-product-api.php(54): ColorMeShop\Swagger\Api\ProductApi->getProduct(NULL)
#3 /home/plus-agc/www/green-hands/wp-content/plugins/colormeshop/src/shortcodes/product/class-image.php(32): ColorMeShop\Api\Product_Api->fetch(NULL)
#4 [internal function]: ColorMeShop\Shortcodes\Product\Image::show(Object(Pimple\Container), Array, '', 'colormeshop_ima...')
#5 /home/plus-agc/www/green-hands/wp-content/plugin: /home/plus-agc/www/green-hands/wp-content/plugins/colormeshop/src/Swagger/Api/ProductApi.php の行546

2019-03-21T02:38:54+00:00 CRITICAL Uncaught InvalidArgumentException: Missing the required parameter $product_id when calling getProduct in /home/plus-agc/www/green-hands/wp-content/plugins/colormeshop/src/Swagger/Api/ProductApi.php:546
Stack trace:
#0 /home/plus-agc/www/green-hands/wp-content/plugins/colormeshop/src/Swagger/Api/ProductApi.php(401): ColorMeShop\Swagger\Api\ProductApi->getProductRequest(NULL)
#1 /home/plus-agc/www/green-hands/wp-content/plugins/colormeshop/src/Swagger/Api/ProductApi.php(383): ColorMeShop\Swagger\Api\ProductApi->getProductWithHttpInfo(NULL)
#2 /home/plus-agc/www/green-hands/wp-content/plugins/colormeshop/src/api/class-product-api.php(54): ColorMeShop\Swagger\Api\ProductApi->getProduct(NULL)
#3 /home/plus-agc/www/green-hands/wp-content/plugins/colormeshop/src/shortcodes/product/class-image.php(32): ColorMeShop\Api\Product_Api->fetch(NULL)
#4 [internal function]: ColorMeShop\Shortcodes\Product\Image::show(Object(Pimple\Container), Array, '', 'colormeshop_ima...')
#5 /home/plus-agc/www/green-hands/wp-content/plugin: /home/plus-agc/www/green-hands/wp-content/plugins/colormeshop/src/Swagger/Api/ProductApi.php の行546

2019-03-21T02:38:58+00:00 CRITICAL Uncaught InvalidArgumentException: Missing the required parameter $product_id when calling getProduct in /home/plus-agc/www/green-hands/wp-content/plugins/colormeshop/src/Swagger/Api/ProductApi.php:546
Stack trace:
#0 /home/plus-agc/www/green-hands/wp-content/plugins/colormeshop/src/Swagger/Api/ProductApi.php(401): ColorMeShop\Swagger\Api\ProductApi->getProductRequest(NULL)
#1 /home/plus-agc/www/green-hands/wp-content/plugins/colormeshop/src/Swagger/Api/ProductApi.php(383): ColorMeShop\Swagger\Api\ProductApi->getProductWithHttpInfo(NULL)
#2 /home/plus-agc/www/green-hands/wp-content/plugins/colormeshop/src/api/class-product-api.php(54): ColorMeShop\Swagger\Api\ProductApi->getProduct(NULL)
#3 /home/plus-agc/www/green-hands/wp-content/plugins/colormeshop/src/shortcodes/product/class-image.php(32): ColorMeShop\Api\Product_Api->fetch(NULL)
#4 [internal function]: ColorMeShop\Shortcodes\Product\Image::show(Object(Pimple\Container), Array, '', 'colormeshop_ima...')
#5 /home/plus-agc/www/green-hands/wp-content/plugin: /home/plus-agc/www/green-hands/wp-content/plugins/colormeshop/src/Swagger/Api/ProductApi.php の行546

2019-03-21T04:02:54+00:00 CRITICAL Uncaught InvalidArgumentException: Missing the required parameter $product_id when calling getProduct in /home/plus-agc/www/green-hands/wp-content/plugins/colormeshop/src/Swagger/Api/ProductApi.php:546
Stack trace:
#0 /home/plus-agc/www/green-hands/wp-content/plugins/colormeshop/src/Swagger/Api/ProductApi.php(401): ColorMeShop\Swagger\Api\ProductApi->getProductRequest(NULL)
#1 /home/plus-agc/www/green-hands/wp-content/plugins/colormeshop/src/Swagger/Api/ProductApi.php(383): ColorMeShop\Swagger\Api\ProductApi->getProductWithHttpInfo(NULL)
#2 /home/plus-agc/www/green-hands/wp-content/plugins/colormeshop/src/api/class-product-api.php(54): ColorMeShop\Swagger\Api\ProductApi->getProduct(NULL)
#3 /home/plus-agc/www/green-hands/wp-content/plugins/colormeshop/src/shortcodes/product/class-image.php(32): ColorMeShop\Api\Product_Api->fetch(NULL)
#4 [internal function]: ColorMeShop\Shortcodes\Product\Image::show(Object(Pimple\Container), Array, '', 'colormeshop_ima...')
#5 /home/plus-agc/www/green-hands/wp-content/plugin: /home/plus-agc/www/green-hands/wp-content/plugins/colormeshop/src/Swagger/Api/ProductApi.php の行546

